#
# There is insufficient memory for the Java Runtime Environment to continue.
# Native memory allocation (mmap) failed to map 65011712 bytes for Failed to commit area from 0x00000000e0000000 to 0x00000000e3e00000 of length 65011712.
# Possible reasons:
#   The system is out of physical RAM or swap space
#   The process is running with CompressedOops enabled, and the Java Heap may be blocking the growth of the native heap
# Possible solutions:
#   Reduce memory load on the system
#   Increase physical memory or swap space
#   Check if swap backing store is full
#   Decrease Java heap size (-Xmx/-Xms)
#   Decrease number of Java threads
#   Decrease Java thread stack sizes (-Xss)
#   Set larger code cache with -XX:ReservedCodeCacheSize=
# This output file may be truncated or incomplete.
#
#  Out of Memory Error (./src/hotspot/os/windows/os_windows.cpp:3311), pid=3872, tid=2628
#
# JRE version:  (11.0.12+7) (build )
# Java VM: OpenJDK 64-Bit Server VM (11.0.12+7, mixed mode, sharing, tiered, compressed oops, g1 gc, windows-amd64)
# No core dump will be written. Minidumps are not enabled by default on client versions of Windows
#

---------------  S U M M A R Y ------------

Command Line: -Dorg.gradle.internal.worker.tmpdir=C:\deliviryCart2\build\tmp\test\work -Dorg.gradle.native=false -Dselenide.headless --add-opens=java.base/java.util=ALL-UNNAMED --add-opens=java.base/java.lang=ALL-UNNAMED -Xmx512m -Dfile.encoding=windows-1251 -Duser.country=RU -Duser.language=ru -Duser.variant -ea worker.org.gradle.process.internal.worker.GradleWorkerMain 'Gradle Test Executor 23'

Host: Intel(R) Celeron(R) CPU J3455 @ 1.50GHz, 4 cores, 3G,  Windows 10 , 64 bit Build 19041 (10.0.19041.1348)
Time: Thu Dec 23 16:45:09 2021 RTZ 2 (чшьр) elapsed time: 0.316432 seconds (0d 0h 0m 0s)

---------------  T H R E A D  ---------------

Current thread (0x0000027572d64000):  JavaThread "Unknown thread" [_thread_in_vm, id=2628, stack(0x000000b671200000,0x000000b671300000)]

Stack: [0x000000b671200000,0x000000b671300000]
Native frames: (J=compiled Java code, j=interpreted, Vv=VM code, C=native code)
V  [jvm.dll+0x601d0a]
V  [jvm.dll+0x78ab6e]
V  [jvm.dll+0x78c23f]
V  [jvm.dll+0x78c903]
V  [jvm.dll+0x24be68]
V  [jvm.dll+0x5feeaa]
V  [jvm.dll+0x5f3965]
V  [jvm.dll+0x303b0c]
V  [jvm.dll+0x303992]
V  [jvm.dll+0x3086b6]
V  [jvm.dll+0x34d57f]
V  [jvm.dll+0x34cfb0]
V  [jvm.dll+0x2e0c18]
V  [jvm.dll+0x2e1d76]
V  [jvm.dll+0x765ef7]
V  [jvm.dll+0x76767f]
V  [jvm.dll+0x35a309]
V  [jvm.dll+0x748f80]
V  [jvm.dll+0x3c1f3f]
V  [jvm.dll+0x3c4411]
C  [jli.dll+0x5207]
C  [ucrtbase.dll+0x21bb2]
C  [KERNEL32.DLL+0x17034]
C  [ntdll.dll+0x52651]


---------------  P R O C E S S  ---------------

Threads class SMR info:
_java_thread_list=0x0000027570cc6310, length=0, elements={
}

Java Threads: ( => current thread )

Other Threads:
  0x0000027572d7e800 GCTaskThread "GC Thread#0" [stack: 0x000000b671300000,0x000000b671400000] [id=8316]
  0x0000027572d90800 ConcurrentGCThread "G1 Main Marker" [stack: 0x000000b671400000,0x000000b671500000] [id=1292]
  0x0000027572d93000 ConcurrentGCThread "G1 Conc#0" [stack: 0x000000b671500000,0x000000b671600000] [id=8848]

[error occurred during error reporting (printing all threads), id 0xc0000005, EXCEPTION_ACCESS_VIOLATION (0xc0000005) at pc=0x00007ffe352102e7]

VM state:not at safepoint (not fully initialized)

VM Mutex/Monitor currently owned by a thread:  ([mutex/lock_event])
[0x0000027572d61480] Heap_lock - owner thread: 0x0000027572d64000

Heap address: 0x00000000e0000000, size: 512 MB, Compressed Oops mode: Non-zero based: 0x00000000e0000000
Narrow klass base: 0x0000000000000000, Narrow klass shift: 0

GC Heap History (0 events):
No events

Deoptimization events (0 events):
No events

Classes redefined (0 events):
No events

Internal exceptions (0 events):
No events

Events (1 events):
Event: 0.154 Loaded shared library C:\Program Files\Eclipse Foundation\jdk-11.0.12.7-hotspot\bin\zip.dll


Dynamic libraries:
0x00007ff6b04a0000 - 0x00007ff6b04ad000 	C:\Program Files\Eclipse Foundation\jdk-11.0.12.7-hotspot\bin\java.exe
0x00007ffe6b750000 - 0x00007ffe6b945000 	C:\WINDOWS\SYSTEM32\ntdll.dll
0x00007ffe69790000 - 0x00007ffe6984e000 	C:\WINDOWS\System32\KERNEL32.DLL
0x00007ffe69210000 - 0x00007ffe694d8000 	C:\WINDOWS\System32\KERNELBASE.dll
0x00007ffe694e0000 - 0x00007ffe695e0000 	C:\WINDOWS\System32\ucrtbase.dll
0x00007ffe627a0000 - 0x00007ffe627b7000 	C:\Program Files\Eclipse Foundation\jdk-11.0.12.7-hotspot\bin\jli.dll
0x00007ffe54920000 - 0x00007ffe54935000 	C:\Program Files\Eclipse Foundation\jdk-11.0.12.7-hotspot\bin\VCRUNTIME140.dll
0x00007ffe6aea0000 - 0x00007ffe6b041000 	C:\WINDOWS\System32\USER32.dll
0x00007ffe695e0000 - 0x00007ffe69602000 	C:\WINDOWS\System32\win32u.dll
0x00007ffe6b6d0000 - 0x00007ffe6b6fb000 	C:\WINDOWS\System32\GDI32.dll
0x00007ffe68ef0000 - 0x00007ffe68ffd000 	C:\WINDOWS\System32\gdi32full.dll
0x00007ffe69610000 - 0x00007ffe696ad000 	C:\WINDOWS\System32\msvcp_win.dll
0x00007ffe49380000 - 0x00007ffe4961a000 	C:\WINDOWS\WinSxS\amd64_microsoft.windows.common-controls_6595b64144ccf1df_6.0.19041.1110_none_60b5254171f9507e\COMCTL32.dll
0x00007ffe6aa20000 - 0x00007ffe6aabe000 	C:\WINDOWS\System32\msvcrt.dll
0x00007ffe6aac0000 - 0x00007ffe6aaf0000 	C:\WINDOWS\System32\IMM32.DLL
0x00007ffe46cd0000 - 0x00007ffe46d6b000 	C:\Program Files\Eclipse Foundation\jdk-11.0.12.7-hotspot\bin\msvcp140.dll
0x00007ffe34f20000 - 0x00007ffe35a79000 	C:\Program Files\Eclipse Foundation\jdk-11.0.12.7-hotspot\bin\server\jvm.dll
0x00007ffe6aaf0000 - 0x00007ffe6ab9c000 	C:\WINDOWS\System32\ADVAPI32.dll
0x00007ffe6ae00000 - 0x00007ffe6ae9b000 	C:\WINDOWS\System32\sechost.dll
0x00007ffe6a8f0000 - 0x00007ffe6aa1a000 	C:\WINDOWS\System32\RPCRT4.dll
0x00007ffe6b700000 - 0x00007ffe6b708000 	C:\WINDOWS\System32\PSAPI.DLL
0x00007ffe62730000 - 0x00007ffe62739000 	C:\WINDOWS\SYSTEM32\WSOCK32.dll
0x00007ffe6a880000 - 0x00007ffe6a8eb000 	C:\WINDOWS\System32\WS2_32.dll
0x00007ffe634c0000 - 0x00007ffe634ca000 	C:\WINDOWS\SYSTEM32\VERSION.dll
0x00007ffe44bf0000 - 0x00007ffe44c17000 	C:\WINDOWS\SYSTEM32\WINMM.dll
0x00007ffe66c70000 - 0x00007ffe66c82000 	C:\WINDOWS\SYSTEM32\kernel.appcore.dll
0x00007ffe62760000 - 0x00007ffe62770000 	C:\Program Files\Eclipse Foundation\jdk-11.0.12.7-hotspot\bin\verify.dll
0x00007ffe66450000 - 0x00007ffe66634000 	C:\WINDOWS\SYSTEM32\DBGHELP.DLL
0x00007ffe62300000 - 0x00007ffe6232c000 	C:\WINDOWS\SYSTEM32\dbgcore.DLL
0x00007ffe696b0000 - 0x00007ffe69732000 	C:\WINDOWS\System32\bcryptPrimitives.dll
0x00007ffe547d0000 - 0x00007ffe547f8000 	C:\Program Files\Eclipse Foundation\jdk-11.0.12.7-hotspot\bin\java.dll
0x00007ffe62740000 - 0x00007ffe6274a000 	C:\Program Files\Eclipse Foundation\jdk-11.0.12.7-hotspot\bin\jimage.dll
0x00007ffe54900000 - 0x00007ffe54917000 	C:\Program Files\Eclipse Foundation\jdk-11.0.12.7-hotspot\bin\zip.dll

dbghelp: loaded successfully - version: 4.0.5 - missing functions: none
symbol engine: initialized successfully - sym options: 0x614 - pdb path: .;C:\Program Files\Eclipse Foundation\jdk-11.0.12.7-hotspot\bin;C:\WINDOWS\SYSTEM32;C:\WINDOWS\WinSxS\amd64_microsoft.windows.common-controls_6595b64144ccf1df_6.0.19041.1110_none_60b5254171f9507e;C:\Program Files\Eclipse Foundation\jdk-11.0.12.7-hotspot\bin\server

VM Arguments:
jvm_args: -Dorg.gradle.internal.worker.tmpdir=C:\deliviryCart2\build\tmp\test\work -Dorg.gradle.native=false -Dselenide.headless --add-opens=java.base/java.util=ALL-UNNAMED --add-opens=java.base/java.lang=ALL-UNNAMED -Xmx512m -Dfile.encoding=windows-1251 -Duser.country=RU -Duser.language=ru -Duser.variant -ea 
java_command: worker.org.gradle.process.internal.worker.GradleWorkerMain 'Gradle Test Executor 23'
java_class_path (initial): C:\\Users\\ўышџ\\.gradle\\caches\\7.1\\workerMain\\gradle-worker.jar;C:\\deliviryCart2\\build\\classes\\java\\test;C:\\deliviryCart2\\build\\resources\\test;C:\\deliviryCart2\\build\\classes\\java\\main;C:\\deliviryCart2\\build\\resources\\main;C:\\Users\\ўышџ\\.gradle\\caches\\modules-2\\files-2.1\\org.jetbrains\\annotations\\20.1.0\\2fcd1f3225bca0c4a7bc931142076f8c1e80993f\\annotations-20.1.0.jar;C:\\Users\\ўышџ\\.gradle\\caches\\modules-2\\files-2.1\\org.junit.jupiter\\junit-jupiter-params\\5.8.2\\ddeafe92fc263f895bfb73ffeca7fd56e23c2cce\\junit-jupiter-params-5.8.2.jar;C:\\Users\\ўышџ\\.gradle\\caches\\modules-2\\files-2.1\\org.junit.jupiter\\junit-jupiter-engine\\5.8.2\\c598b4328d2f397194d11df3b1648d68d7d990e3\\junit-jupiter-engine-5.8.2.jar;C:\\Users\\ўышџ\\.gradle\\caches\\modules-2\\files-2.1\\org.junit.jupiter\\junit-jupiter-api\\5.8.2\\4c21029217adf07e4c0d0c5e192b6bf610c94bdc\\junit-jupiter-api-5.8.2.jar;C:\\Users\\ўышџ\\.gradle\\caches\\modules-2\\files-2.1\\org.junit.platform\\junit-platform-engine\\1.8.2\\b737de09f19864bd136805c84df7999a142fec29\\junit-platform-engine-1.8.2.jar;C:\\Users\\ўышџ\\.gradle\\caches\\modules-2\\files-2.1\\org.junit.platform\\junit-platform-commons\\1.8.2\\32c8b8617c1342376fd5af2053da6410d8866861\\junit-platform-commons-1.8.2.jar;C:\\Users\\ўышџ\\.gradle\\caches\\modules-2\\files-2.1\\org.junit.jupiter\\junit-jupiter\\5.8.2\\5a817b1e63f1217e5c586090c45e681281f097ad\\junit-jupiter-5.8.2.jar;C:\\Users\\ўышџ\\.gradle\\caches\\modules-2\\files-2.1\\com.codeborne\\selenide\\6.1.1\\256ff48ec58c9147c2f1f0ddd4812f09d1e3fae0\\selenide-6.1.1.jar;C:\\Users\\ўышџ\\.gradle\\caches\\modules-2\\files-2.1\\com.github.javafaker\\javafaker\\1.0.1\\c7771828b7374a0636aa125d23e3c77678497cd\\javafaker-1.0.1.jar;C:\\Users\\ўышџ\\.gradle\\caches\\modules-2\\files-2.1\\com.codeborne\\selenide-core\\6.1.1\\3acc31dd8977c6962e4ac8b26dff9c62c63746d\\selenide-core-6.1.1.jar;C:\\Users\\ўышџ\\.gradle\\caches\\modules-2\\files-2.1\
Launcher Type: SUN_STANDARD

[Global flags]
     intx CICompilerCount                          = 3                                         {product} {ergonomic}
     uint ConcGCThreads                            = 1                                         {product} {ergonomic}
     uint G1ConcRefinementThreads                  = 4                                         {product} {ergonomic}
   size_t G1HeapRegionSize                         = 1048576                                   {product} {ergonomic}
    uintx GCDrainStackTargetSize                   = 64                                        {product} {ergonomic}
   size_t InitialHeapSize                          = 65011712                                  {product} {ergonomic}
   size_t MarkStackSize                            = 4194304                                   {product} {ergonomic}
   size_t MaxHeapSize                              = 536870912                                 {product} {command line}
   size_t MinHeapDeltaBytes                        = 1048576                                   {product} {ergonomic}
    uintx NonNMethodCodeHeapSize                   = 5830732                                {pd product} {ergonomic}
    uintx NonProfiledCodeHeapSize                  = 122913754                              {pd product} {ergonomic}
    uintx ProfiledCodeHeapSize                     = 122913754                              {pd product} {ergonomic}
    uintx ReservedCodeCacheSize                    = 251658240                              {pd product} {ergonomic}
     bool SegmentedCodeCache                       = true                                      {product} {ergonomic}
     bool UseCompressedClassPointers               = true                                 {lp64_product} {ergonomic}
     bool UseCompressedOops                        = true                                 {lp64_product} {ergonomic}
     bool UseG1GC                                  = true                                      {product} {ergonomic}
     bool UseLargePagesIndividualAllocation        = false                                  {pd product} {ergonomic}

Logging:
Log output configuration:
 #0: stdout all=warning uptime,level,tags
 #1: stderr all=off uptime,level,tags

Environment Variables:
PATH=C:\Program Files (x86)\AdoptOpenJDK\jdk-11.0.11.9-hotspot\bin;C:\Program Files\Eclipse Foundation\jdk-11.0.12.7-hotspot\bin;C:\WINDOWS\system32;C:\WINDOWS;C:\WINDOWS\System32\Wbem;C:\WINDOWS\System32\WindowsPowerShell\v1.0\;C:\WINDOWS\System32\OpenSSH\;C:\Program Files\Intel\TXE Components\DAL\;C:\Program Files (x86)\Intel\TXE Components\DAL\;C:\Program Files (x86)\Git\cmd;C:\Users\ўышџ\AppData\Local\Microsoft\WindowsApps;;C:\Users\ўышџ\AppData\Local\Programs\Microsoft VS Code\bin;C:\Program Files\JetBrains\IntelliJ IDEA Community Edition 2021.2.3\bin;
USERNAME=ўышџ
OS=Windows_NT
PROCESSOR_IDENTIFIER=Intel64 Family 6 Model 92 Stepping 9, GenuineIntel



---------------  S Y S T E M  ---------------

OS: Windows 10 , 64 bit Build 19041 (10.0.19041.1348)
OS uptime: 5 days 15:03 hours

CPU:total 4 (initial active 4) (4 cores per cpu, 1 threads per core) family 6 model 92 stepping 9 microcode 0x32, cmov, cx8, fxsr, mmx, sse, sse2, sse3, ssse3, sse4.1, sse4.2, popcnt, aes, clmul, erms, 3dnowpref, tsc, tscinvbit, sha

Memory: 4k page, system-wide physical 3945M (284M free)
TotalPageFile size 11191M (AvailPageFile size 10M)
current process WorkingSet (physical memory assigned to process): 9M, peak: 9M
current process commit charge ("private bytes"): 51M, peak: 113M

vm_info: OpenJDK 64-Bit Server VM (11.0.12+7) for windows-amd64 JRE (11.0.12+7), built on Jul 21 2021 16:23:49 by "" with unknown MS VC++:1916

END.
